#
# There is insufficient memory for the Java Runtime Environment to continue.
# Native memory allocation (mmap) failed to map 232783872 bytes for G1 virtual space
# Possible reasons:
#   The system is out of physical RAM or swap space
#   The process is running with CompressedOops enabled, and the Java Heap may be blocking the growth of the native heap
# Possible solutions:
#   Reduce memory load on the system
#   Increase physical memory or swap space
#   Check if swap backing store is full
#   Decrease Java heap size (-Xmx/-Xms)
#   Decrease number of Java threads
#   Decrease Java thread stack sizes (-Xss)
#   Set larger code cache with -XX:ReservedCodeCacheSize=
#   JVM is running with Zero Based Compressed Oops mode in which the Java heap is
#     placed in the first 32GB address space. The Java Heap base address is the
#     maximum limit for the native heap growth. Please use -XX:HeapBaseMinAddress
#     to set the Java Heap base and to place the Java Heap above 32GB virtual address.
# This output file may be truncated or incomplete.
#
#  Out of Memory Error (os_windows.cpp:3559), pid=20940, tid=14216
#
# JRE version:  (17.0.7+7) (build )
# Java VM: OpenJDK 64-Bit Server VM (17.0.7+7-LTS, mixed mode, sharing, tiered, compressed oops, compressed class ptrs, g1 gc, windows-amd64)
# No core dump will be written. Minidumps are not enabled by default on client versions of Windows
#

---------------  S U M M A R Y ------------

Command Line: -javaagent:D:\Program Files\JetBrains\IntelliJ IDEA Community Edition 2022.3.2\lib\idea_rt.jar=61850:D:\Program Files\JetBrains\IntelliJ IDEA Community Edition 2022.3.2\bin -Dfile.encoding=UTF-8 com.spring.flight_crew_service.FlightCrewServiceApplicationKt

Host: AMD Ryzen 5 5600H with Radeon Graphics         , 12 cores, 13G,  Windows 10 , 64 bit Build 19041 (10.0.19041.2913)
Time: Mon Jun  5 14:24:58 2023 FLE Daylight Time elapsed time: 0.032962 seconds (0d 0h 0m 0s)

---------------  T H R E A D  ---------------

Current thread (0x000001a731647de0):  JavaThread "Unknown thread" [_thread_in_vm, id=14216, stack(0x00000036a1400000,0x00000036a1500000)]

Stack: [0x00000036a1400000,0x00000036a1500000]
Native frames: (J=compiled Java code, j=interpreted, Vv=VM code, C=native code)
V  [jvm.dll+0x64b53a]
V  [jvm.dll+0x7fef54]
V  [jvm.dll+0x80070e]
V  [jvm.dll+0x800d63]
V  [jvm.dll+0x236a2b]
V  [jvm.dll+0x64843a]
V  [jvm.dll+0x63ce8a]
V  [jvm.dll+0x2f5629]
V  [jvm.dll+0x2fc826]
V  [jvm.dll+0x348eea]
V  [jvm.dll+0x34912f]
V  [jvm.dll+0x2cb9a8]
V  [jvm.dll+0x2cc939]
V  [jvm.dll+0x7d2cd1]
V  [jvm.dll+0x3563c1]
V  [jvm.dll+0x7b32ae]
V  [jvm.dll+0x3d38d3]
V  [jvm.dll+0x3d52c1]
C  [jli.dll+0x51bf]
C  [ucrtbase.dll+0x21bb2]
C  [KERNEL32.DLL+0x17614]
C  [ntdll.dll+0x526a1]


---------------  P R O C E S S  ---------------

Threads class SMR info:
_java_thread_list=0x00007ffca992c858, length=0, elements={
}

Java Threads: ( => current thread )

Other Threads:
  0x000001a7316aa730 GCTaskThread "GC Thread#0" [stack: 0x00000036a1500000,0x00000036a1600000] [id=5224]
  0x000001a7316b9b80 ConcurrentGCThread "G1 Main Marker" [stack: 0x00000036a1600000,0x00000036a1700000] [id=9764]
  0x000001a7316ba4a0 ConcurrentGCThread "G1 Conc#0" [stack: 0x00000036a1700000,0x00000036a1800000] [id=16824]

[error occurred during error reporting (printing all threads), id 0xc0000005, EXCEPTION_ACCESS_VIOLATION (0xc0000005) at pc=0x00007ffca911cc47]

VM state: not at safepoint (not fully initialized)

VM Mutex/Monitor currently owned by a thread:  ([mutex/lock_event])
[0x000001a731644920] Heap_lock - owner thread: 0x000001a731647de0

Heap address: 0x0000000722400000, size: 3548 MB, Compressed Oops mode: Zero based, Oop shift amount: 3

CDS archive(s) mapped at: [0x0000000000000000-0x0000000000000000-0x0000000000000000), size 0, SharedBaseAddress: 0x0000000800000000, ArchiveRelocationMode: 0.
Narrow klass base: 0x0000000000000000, Narrow klass shift: 0, Narrow klass range: 0x0

GC Precious Log:
<Empty>

Heap:
 garbage-first heap   total 0K, used 0K [0x0000000722400000, 0x0000000800000000)
  region size 2048K, 0 young (0K), 0 survivors (0K)

[error occurred during error reporting (printing heap information), id 0xc0000005, EXCEPTION_ACCESS_VIOLATION (0xc0000005) at pc=0x00007ffca94e3419]

GC Heap History (0 events):
No events

Dll operation events (1 events):
Event: 0.021 Loaded shared library D:\Users\fight\.jdks\corretto-17.0.7\bin\java.dll

Deoptimization events (0 events):
No events

Classes unloaded (0 events):
No events

Classes redefined (0 events):
No events

Internal exceptions (0 events):
No events

VM Operations (0 events):
No events

Events (0 events):
No events


Dynamic libraries:
0x00007ff72c680000 - 0x00007ff72c68d000 	D:\Users\fight\.jdks\corretto-17.0.7\bin\java.exe
0x00007ffd40ab0000 - 0x00007ffd40ca8000 	C:\Windows\SYSTEM32\ntdll.dll
0x00007ffd406e0000 - 0x00007ffd4079f000 	C:\Windows\System32\KERNEL32.DLL
0x00007ffd3e3c0000 - 0x00007ffd3e6b6000 	C:\Windows\System32\KERNELBASE.dll
0x00007ffd3e6c0000 - 0x00007ffd3e7c0000 	C:\Windows\System32\ucrtbase.dll
0x00007ffd06720000 - 0x00007ffd06735000 	D:\Users\fight\.jdks\corretto-17.0.7\bin\VCRUNTIME140.dll
0x00007ffd0b6d0000 - 0x00007ffd0b6e7000 	D:\Users\fight\.jdks\corretto-17.0.7\bin\jli.dll
0x00007ffd3fdb0000 - 0x00007ffd3ff4d000 	C:\Windows\System32\USER32.dll
0x00007ffd3e390000 - 0x00007ffd3e3b2000 	C:\Windows\System32\win32u.dll
0x00007ffd3fbf0000 - 0x00007ffd3fc1c000 	C:\Windows\System32\GDI32.dll
0x00007ffd2f470000 - 0x00007ffd2f70a000 	C:\Windows\WinSxS\amd64_microsoft.windows.common-controls_6595b64144ccf1df_6.0.19041.1110_none_60b5254171f9507e\COMCTL32.dll
0x00007ffd3e830000 - 0x00007ffd3e945000 	C:\Windows\System32\gdi32full.dll
0x00007ffd3e190000 - 0x00007ffd3e22d000 	C:\Windows\System32\msvcp_win.dll
0x00007ffd40580000 - 0x00007ffd4061e000 	C:\Windows\System32\msvcrt.dll
0x00007ffd3ff60000 - 0x00007ffd3ff90000 	C:\Windows\System32\IMM32.DLL
0x00007ffcccff0000 - 0x00007ffccd08b000 	D:\Users\fight\.jdks\corretto-17.0.7\bin\msvcp140.dll
0x00007ffca8e40000 - 0x00007ffca9a5a000 	D:\Users\fight\.jdks\corretto-17.0.7\bin\server\jvm.dll
0x00007ffd407a0000 - 0x00007ffd4084f000 	C:\Windows\System32\ADVAPI32.dll
0x00007ffd3ee80000 - 0x00007ffd3ef1c000 	C:\Windows\System32\sechost.dll
0x00007ffd3ff90000 - 0x00007ffd400b6000 	C:\Windows\System32\RPCRT4.dll
0x00007ffd36f40000 - 0x00007ffd36f4a000 	C:\Windows\SYSTEM32\VERSION.dll
0x00007ffd319e0000 - 0x00007ffd31a07000 	C:\Windows\SYSTEM32\WINMM.dll
0x00007ffd39d60000 - 0x00007ffd39d69000 	C:\Windows\SYSTEM32\WSOCK32.dll
0x00007ffd40240000 - 0x00007ffd402ab000 	C:\Windows\System32\WS2_32.dll
0x00007ffd3c9a0000 - 0x00007ffd3c9b2000 	C:\Windows\SYSTEM32\kernel.appcore.dll
0x00007ffd0cd70000 - 0x00007ffd0cd7a000 	D:\Users\fight\.jdks\corretto-17.0.7\bin\jimage.dll
0x00007ffd3be90000 - 0x00007ffd3c074000 	C:\Windows\SYSTEM32\DBGHELP.DLL
0x00007ffd2fd60000 - 0x00007ffd2fd94000 	C:\Windows\SYSTEM32\dbgcore.DLL
0x00007ffd3ea80000 - 0x00007ffd3eb02000 	C:\Windows\System32\bcryptPrimitives.dll
0x00007ffd37ee0000 - 0x00007ffd37eee000 	D:\Users\fight\.jdks\corretto-17.0.7\bin\instrument.dll
0x00007ffd02610000 - 0x00007ffd02635000 	D:\Users\fight\.jdks\corretto-17.0.7\bin\java.dll

dbghelp: loaded successfully - version: 4.0.5 - missing functions: none
symbol engine: initialized successfully - sym options: 0x614 - pdb path: .;D:\Users\fight\.jdks\corretto-17.0.7\bin;C:\Windows\SYSTEM32;C:\Windows\WinSxS\amd64_microsoft.windows.common-controls_6595b64144ccf1df_6.0.19041.1110_none_60b5254171f9507e;D:\Users\fight\.jdks\corretto-17.0.7\bin\server

VM Arguments:
jvm_args: -javaagent:D:\Program Files\JetBrains\IntelliJ IDEA Community Edition 2022.3.2\lib\idea_rt.jar=61850:D:\Program Files\JetBrains\IntelliJ IDEA Community Edition 2022.3.2\bin -Dfile.encoding=UTF-8 
java_command: com.spring.flight_crew_service.FlightCrewServiceApplicationKt
java_class_path (initial): D:\Users\fight\IdeaProjects\flight_crew_service\build\classes\kotlin\main;D:\Users\fight\IdeaProjects\flight_crew_service\build\resources\main;D:\Users\fight\.gradle\caches\modules-2\files-2.1\org.jetbrains.kotlin\kotlin-stdlib-jdk8\1.8.21\67f57e154437cd9e6e9cf368394b95814836ff88\kotlin-stdlib-jdk8-1.8.21.jar;D:\Users\fight\.gradle\caches\modules-2\files-2.1\org.springframework.boot\spring-boot-starter-data-jpa\3.1.0\1a53916d640ad5d27ba3a3c3d053c9c90ab35bcc\spring-boot-starter-data-jpa-3.1.0.jar;D:\Users\fight\.gradle\caches\modules-2\files-2.1\org.springframework.boot\spring-boot-starter-validation\3.1.0\e4ed397b43f21c5edffbf1eba93d61cc74170b5f\spring-boot-starter-validation-3.1.0.jar;D:\Users\fight\.gradle\caches\modules-2\files-2.1\org.springframework.boot\spring-boot-starter-web\3.1.0\36a8666047ea49114e0974bece35e2ef68cf975f\spring-boot-starter-web-3.1.0.jar;D:\Users\fight\.gradle\caches\modules-2\files-2.1\com.fasterxml.jackson.module\jackson-module-kotlin\2.15.0\8a0d8abf0efc4c9bdeb54d0049078ffec1a2f35f\jackson-module-kotlin-2.15.0.jar;D:\Users\fight\.gradle\caches\modules-2\files-2.1\org.jetbrains.kotlin\kotlin-reflect\1.8.21\662838019bc1141f8a311180d93b9e13765c7f55\kotlin-reflect-1.8.21.jar;D:\Users\fight\.gradle\caches\modules-2\files-2.1\org.jetbrains.kotlin\kotlin-stdlib-jdk7\1.8.21\7473b8cd3c0ef9932345baf569bc398e8a717046\kotlin-stdlib-jdk7-1.8.21.jar;D:\Users\fight\.gradle\caches\modules-2\files-2.1\org.jetbrains.kotlin\kotlin-stdlib\1.8.21\43d50ab85bc7587adfe3dda3dbe579e5f8d51265\kotlin-stdlib-1.8.21.jar;D:\Users\fight\.gradle\caches\modules-2\files-2.1\org.springframework.boot\spring-boot-starter-aop\3.1.0\417ff6178235117614e2673ad9c24fd530437deb\spring-boot-starter-aop-3.1.0.jar;D:\Users\fight\.gradle\caches\modules-2\files-2.1\org.springframework.boot\spring-boot-starter-jdbc\3.1.0\1a828c8ec6fd10bb13cf7732799b236b096a4c4a\spring-boot-starter-jdbc-3.1.0.jar;D:\Users\fight\.gradle\caches\modules-2\files-2.1\org.hibernate.or
Launcher Type: SUN_STANDARD

[Global flags]
     intx CICompilerCount                          = 4                                         {product} {ergonomic}
     uint ConcGCThreads                            = 3                                         {product} {ergonomic}
     uint G1ConcRefinementThreads                  = 10                                        {product} {ergonomic}
   size_t G1HeapRegionSize                         = 2097152                                   {product} {ergonomic}
    uintx GCDrainStackTargetSize                   = 64                                        {product} {ergonomic}
   size_t InitialHeapSize                          = 232783872                                 {product} {ergonomic}
   size_t MarkStackSize                            = 4194304                                   {product} {ergonomic}
   size_t MaxHeapSize                              = 3720347648                                {product} {ergonomic}
   size_t MinHeapDeltaBytes                        = 2097152                                   {product} {ergonomic}
   size_t MinHeapSize                              = 8388608                                   {product} {ergonomic}
    uintx NonNMethodCodeHeapSize                   = 5839372                                {pd product} {ergonomic}
    uintx NonProfiledCodeHeapSize                  = 122909434                              {pd product} {ergonomic}
    uintx ProfiledCodeHeapSize                     = 122909434                              {pd product} {ergonomic}
    uintx ReservedCodeCacheSize                    = 251658240                              {pd product} {ergonomic}
     bool SegmentedCodeCache                       = true                                      {product} {ergonomic}
   size_t SoftMaxHeapSize                          = 3720347648                             {manageable} {ergonomic}
     bool UseCompressedClassPointers               = true                           {product lp64_product} {ergonomic}
     bool UseCompressedOops                        = true                           {product lp64_product} {ergonomic}
     bool UseG1GC                                  = true                                      {product} {ergonomic}
     bool UseLargePagesIndividualAllocation        = false                                  {pd product} {ergonomic}

Logging:
Log output configuration:
 #0: stdout all=warning uptime,level,tags
 #1: stderr all=off uptime,level,tags

Environment Variables:
PATH=C:\Program Files (x86)\Common Files\Oracle\Java\javapath;C:\Windows\system32;C:\Windows;C:\Windows\System32\Wbem;C:\Windows\System32\WindowsPowerShell\v1.0\;C:\Windows\System32\OpenSSH\;C:\Program Files\NVIDIA Corporation\NVIDIA NvDLISR;C:\Program Files (x86)\NVIDIA Corporation\PhysX\Common;C:\Program Files\Git\cmd;C:\Program Files\Docker\Docker\resources\bin;C:\Program Files\Pandoc\;D:\Users\fight\AppData\Local\Programs\Python\Python311\Scripts\;D:\Users\fight\AppData\Local\Programs\Python\Python311\;D:\Users\fight\AppData\Local\Microsoft\WindowsApps;D:\Program Files\JetBrains\IntelliJ IDEA 2022.3.2\bin;;D:\Program Files\JetBrains\IntelliJ IDEA Community Edition 2022.3.2\bin;;D:\Program Files\JetBrains\PyCharm Community Edition 2022.3.3\bin;;D:\Users\Maninder\AppData\Local\Programs\Python\Python311 D:\Users\fight\AppData\Local\Programs\Python\Python311\Scripts\;
USERNAME=fight
OS=Windows_NT
PROCESSOR_IDENTIFIER=AMD64 Family 25 Model 80 Stepping 0, AuthenticAMD
TMP=D:\Users\fight\AppData\Local\Temp
TEMP=D:\Users\fight\AppData\Local\Temp



---------------  S Y S T E M  ---------------

OS:
 Windows 10 , 64 bit Build 19041 (10.0.19041.2913)
OS uptime: 0 days 0:32 hours
Hyper-V role detected

CPU: total 12 (initial active 12) (12 cores per cpu, 2 threads per core) family 25 model 80 stepping 0 microcode 0x0, cx8, cmov, fxsr, ht, mmx, 3dnowpref, sse, sse2, sse3, ssse3, sse4a, sse4.1, sse4.2, popcnt, lzcnt, tsc, tscinvbit, avx, avx2, aes, erms, clmul, bmi1, bmi2, adx, sha, fma, vzeroupper, clflush, clflushopt, hv

Memory: 4k page, system-wide physical 14188M (54M free)
TotalPageFile size 26688M (AvailPageFile size 210M)
current process WorkingSet (physical memory assigned to process): 10M, peak: 10M
current process commit charge ("private bytes"): 64M, peak: 286M

vm_info: OpenJDK 64-Bit Server VM (17.0.7+7-LTS) for windows-amd64 JRE (17.0.7+7-LTS), built on Apr 14 2023 01:39:21 by "Administrator" with MS VC++ 15.9 (VS2017)

END.
